2016/02/27 10:59:13 [error] [exception.CHttpException.404] exception 'CHttpException' with message 'The system is unable to find the requested action "actionAjax".' in E:\xampp\htdocs\yii\framework\web\CController.php:483
Stack trace:
#0 E:\xampp\htdocs\yii\framework\web\CController.php(270): CController->missingAction('actionAjax')
#1 E:\xampp\htdocs\yii\framework\web\CWebApplication.php(282): CController->run('actionAjax')
#2 E:\xampp\htdocs\yii\framework\web\CWebApplication.php(141): CWebApplication->runController('site/actionAjax')
#3 E:\xampp\htdocs\yii\framework\base\CApplication.php(185): CWebApplication->processRequest()
#4 E:\xampp\htdocs\weather\index.php(13): CApplication->run()
#5 {main}
REQUEST_URI=/index.php?r=site/actionAjax
---
2016/02/27 10:59:18 [error] [exception.CException] exception 'CException' with message 'SiteController cannot find the requested view "weather_form".' in E:\xampp\htdocs\yii\framework\web\CController.php:878
Stack trace:
#0 E:\xampp\htdocs\yii\framework\web\CController.php(782): CController->renderPartial('weather_form', Array, true)
#1 E:\xampp\htdocs\weather\protected\controllers\SiteController.php(137): CController->render('weather_form', Array)
#2 E:\xampp\htdocs\yii\framework\web\actions\CInlineAction.php(49): SiteController->actionAjax()
#3 E:\xampp\htdocs\yii\framework\web\CController.php(308): CInlineAction->runWithParams(Array)
#4 E:\xampp\htdocs\yii\framework\web\CController.php(286): CController->runAction(Object(CInlineAction))
#5 E:\xampp\htdocs\yii\framework\web\CController.php(265): CController->runActionWithFilters(Object(CInlineAction), Array)
#6 E:\xampp\htdocs\yii\framework\web\CWebApplication.php(282): CController->run('ajax')
#7 E:\xampp\htdocs\yii\framework\web\CWebApplication.php(141): CWebApplication->runController('site/ajax')
#8 E:\xampp\htdocs\yii\framework\base\CApplication.php(185): CWebApplication->processRequest()
#9 E:\xampp\htdocs\weather\index.php(13): CApplication->run()
#10 {main}
REQUEST_URI=/index.php?r=site/ajax
---
2016/02/27 11:02:17 [error] [php] Undefined index: weatherForm (E:\xampp\htdocs\weather\protected\controllers\SiteController.php:126)
Stack trace:
#0 E:\xampp\htdocs\yii\framework\web\CController.php(286): SiteController->runAction()
#1 E:\xampp\htdocs\yii\framework\web\CController.php(265): SiteController->runActionWithFilters()
#2 E:\xampp\htdocs\yii\framework\web\CWebApplication.php(282): SiteController->run()
#3 E:\xampp\htdocs\yii\framework\web\CWebApplication.php(141): CWebApplication->runController()
#4 E:\xampp\htdocs\yii\framework\base\CApplication.php(185): CWebApplication->processRequest()
#5 E:\xampp\htdocs\weather\index.php(13): CWebApplication->run()
REQUEST_URI=/index.php?r=site/ajax
in E:\xampp\htdocs\weather\protected\controllers\SiteController.php (126)
in E:\xampp\htdocs\weather\index.php (13)
2016/02/27 11:04:47 [error] [exception.CHttpException.404] exception 'CHttpException' with message 'The system is unable to find the requested action "index".' in E:\xampp\htdocs\yii\framework\web\CController.php:483
Stack trace:
#0 E:\xampp\htdocs\yii\framework\web\CController.php(270): CController->missingAction('index')
#1 E:\xampp\htdocs\yii\framework\web\CWebApplication.php(282): CController->run('index')
#2 E:\xampp\htdocs\yii\framework\web\CWebApplication.php(141): CWebApplication->runController('weather/index')
#3 E:\xampp\htdocs\yii\framework\base\CApplication.php(185): CWebApplication->processRequest()
#4 E:\xampp\htdocs\weather\index.php(13): CApplication->run()
#5 {main}
REQUEST_URI=/index.php?r=weather/index
HTTP_REFERER=http://weather:8012/index.php?r=site/ajax
---
2016/02/27 11:06:03 [error] [exception.CHttpException.404] exception 'CHttpException' with message 'The system is unable to find the requested action "ajax".' in E:\xampp\htdocs\yii\framework\web\CController.php:483
Stack trace:
#0 E:\xampp\htdocs\yii\framework\web\CController.php(270): CController->missingAction('ajax')
#1 E:\xampp\htdocs\yii\framework\web\CWebApplication.php(282): CController->run('ajax')
#2 E:\xampp\htdocs\yii\framework\web\CWebApplication.php(141): CWebApplication->runController('site/ajax')
#3 E:\xampp\htdocs\yii\framework\base\CApplication.php(185): CWebApplication->processRequest()
#4 E:\xampp\htdocs\weather\index.php(13): CApplication->run()
#5 {main}
REQUEST_URI=/index.php?r=site/ajax
HTTP_REFERER=http://weather:8012/index.php?r=site/ajax
---
2016/02/27 11:06:32 [error] [php] Undefined index: weatherForm (E:\xampp\htdocs\weather\protected\controllers\SiteController.php:126)
Stack trace:
#0 E:\xampp\htdocs\yii\framework\web\CController.php(286): SiteController->runAction()
#1 E:\xampp\htdocs\yii\framework\web\CController.php(265): SiteController->runActionWithFilters()
#2 E:\xampp\htdocs\yii\framework\web\CWebApplication.php(282): SiteController->run()
#3 E:\xampp\htdocs\yii\framework\web\CWebApplication.php(141): CWebApplication->runController()
#4 E:\xampp\htdocs\yii\framework\base\CApplication.php(185): CWebApplication->processRequest()
#5 E:\xampp\htdocs\weather\index.php(13): CWebApplication->run()
REQUEST_URI=/index.php?r=site/weather
in E:\xampp\htdocs\weather\protected\controllers\SiteController.php (126)
in E:\xampp\htdocs\weather\index.php (13)
2016/02/27 11:38:07 [error] [system.db.CDbCommand] Error in preparing SQL: SELECT * FROM weather ORDER By id DESC LIMIT 1 LIMIT 10
in E:\xampp\htdocs\weather\protected\models\WeatherForm.php (50)
in E:\xampp\htdocs\weather\protected\controllers\SiteController.php (131)
in E:\xampp\htdocs\weather\index.php (13)
2016/02/27 11:38:07 [error] [system.db.CDbCommand] CDbCommand::fetchAll() failed: CDbCommand failed to prepare the SQL statement: SQLSTATE[HY000]: General error: 1 near "LIMIT": syntax error. The SQL statement executed was: SELECT * FROM weather ORDER By id DESC LIMIT 1 LIMIT 10.
in E:\xampp\htdocs\weather\protected\models\WeatherForm.php (50)
in E:\xampp\htdocs\weather\protected\controllers\SiteController.php (131)
in E:\xampp\htdocs\weather\index.php (13)
2016/02/27 11:38:07 [error] [exception.CDbException] exception 'CDbException' with message 'CDbCommand failed to execute the SQL statement: CDbCommand failed to prepare the SQL statement: SQLSTATE[HY000]: General error: 1 near "LIMIT": syntax error. The SQL statement executed was: SELECT * FROM weather ORDER By id DESC LIMIT 1 LIMIT 10' in E:\xampp\htdocs\yii\framework\db\CDbCommand.php:543
Stack trace:
#0 E:\xampp\htdocs\yii\framework\db\CDbCommand.php(396): CDbCommand->queryInternal('fetchAll', Array, Array)
#1 E:\xampp\htdocs\yii\framework\web\CSqlDataProvider.php(108): CDbCommand->queryAll()
#2 E:\xampp\htdocs\yii\framework\web\CDataProvider.php(168): CSqlDataProvider->fetchData()
#3 E:\xampp\htdocs\weather\protected\models\WeatherForm.php(50): CDataProvider->getData()
#4 E:\xampp\htdocs\weather\protected\controllers\SiteController.php(131): WeatherForm->getDataFromDB()
#5 E:\xampp\htdocs\yii\framework\web\actions\CInlineAction.php(49): SiteController->actionWeather()
#6 E:\xampp\htdocs\yii\framework\web\CController.php(308): CInlineAction->runWithParams(Array)
#7 E:\xampp\htdocs\yii\framework\web\CController.php(286): CController->runAction(Object(CInlineAction))
#8 E:\xampp\htdocs\yii\framework\web\CController.php(265): CController->runActionWithFilters(Object(CInlineAction), Array)
#9 E:\xampp\htdocs\yii\framework\web\CWebApplication.php(282): CController->run('weather')
#10 E:\xampp\htdocs\yii\framework\web\CWebApplication.php(141): CWebApplication->runController('site/weather')
#11 E:\xampp\htdocs\yii\framework\base\CApplication.php(185): CWebApplication->processRequest()
#12 E:\xampp\htdocs\weather\index.php(13): CApplication->run()
#13 {main}
REQUEST_URI=/index.php?r=site/weather
HTTP_REFERER=http://weather:8012/index.php?r=site/weather
---
2016/02/27 14:09:49 [error] [php] json_decode() expects parameter 1 to be string, resource given (E:\xampp\htdocs\weather\protected\models\WeatherForm.php:114)
Stack trace:
#0 E:\xampp\htdocs\weather\protected\controllers\SiteController.php(131): WeatherForm->getDataFromDB()
#1 E:\xampp\htdocs\yii\framework\web\actions\CInlineAction.php(49): SiteController->actionWeather()
#2 E:\xampp\htdocs\yii\framework\web\CController.php(308): CInlineAction->runWithParams()
#3 E:\xampp\htdocs\yii\framework\web\CController.php(286): SiteController->runAction()
#4 E:\xampp\htdocs\yii\framework\web\CController.php(265): SiteController->runActionWithFilters()
#5 E:\xampp\htdocs\yii\framework\web\CWebApplication.php(282): SiteController->run()
#6 E:\xampp\htdocs\yii\framework\web\CWebApplication.php(141): CWebApplication->runController()
#7 E:\xampp\htdocs\yii\framework\base\CApplication.php(185): CWebApplication->processRequest()
#8 E:\xampp\htdocs\weather\index.php(13): CWebApplication->run()
REQUEST_URI=/index.php?r=site/weather
in E:\xampp\htdocs\weather\protected\models\WeatherForm.php (114)
in E:\xampp\htdocs\weather\protected\models\WeatherForm.php (70)
in E:\xampp\htdocs\weather\protected\controllers\SiteController.php (131)
2016/02/27 16:08:39 [error] [exception.CException] exception 'CException' with message 'WeatherForm and its behaviors do not have a method or closure named "getFromDB".' in E:\xampp\htdocs\yii\framework\base\CComponent.php:266
Stack trace:
#0 E:\xampp\htdocs\weather\protected\models\WeatherForm.php(42): CComponent->__call('getFromDB', Array)
#1 E:\xampp\htdocs\weather\protected\models\WeatherForm.php(42): WeatherForm->getFromDB()
#2 E:\xampp\htdocs\weather\protected\controllers\SiteController.php(139): WeatherForm->getDataFromDB()
#3 E:\xampp\htdocs\weather\protected\controllers\SiteController.php(127): SiteController->getDataFromDB()
#4 E:\xampp\htdocs\yii\framework\web\actions\CInlineAction.php(49): SiteController->actionWeather()
#5 E:\xampp\htdocs\yii\framework\web\CController.php(308): CInlineAction->runWithParams(Array)
#6 E:\xampp\htdocs\yii\framework\web\CController.php(286): CController->runAction(Object(CInlineAction))
#7 E:\xampp\htdocs\yii\framework\web\CController.php(265): CController->runActionWithFilters(Object(CInlineAction), Array)
#8 E:\xampp\htdocs\yii\framework\web\CWebApplication.php(282): CController->run('weather')
#9 E:\xampp\htdocs\yii\framework\web\CWebApplication.php(141): CWebApplication->runController('site/weather')
#10 E:\xampp\htdocs\yii\framework\base\CApplication.php(185): CWebApplication->processRequest()
#11 E:\xampp\htdocs\weather\index.php(13): CApplication->run()
#12 {main}
REQUEST_URI=/index.php?r=site/weather
HTTP_REFERER=http://weather:8012/index.php?r=site/weather
---
2016/02/27 16:10:21 [error] [exception.CException] exception 'CException' with message 'Alias "ext.curl.Curl" is invalid. Make sure it points to an existing PHP file and the file is readable.' in E:\xampp\htdocs\yii\framework\YiiBase.php:323
Stack trace:
#0 E:\xampp\htdocs\yii\framework\YiiBase.php(196): YiiBase::import('ext.curl.Curl', true)
#1 E:\xampp\htdocs\yii\framework\base\CModule.php(393): YiiBase::createComponent(Array)
#2 E:\xampp\htdocs\yii\framework\base\CModule.php(103): CModule->getComponent('curl')
#3 E:\xampp\htdocs\weather\protected\controllers\SiteController.php(180): CModule->__get('curl')
#4 E:\xampp\htdocs\weather\protected\controllers\SiteController.php(155): SiteController->updateFromAPI(true)
#5 E:\xampp\htdocs\weather\protected\controllers\SiteController.php(127): SiteController->getDataFromDB()
#6 E:\xampp\htdocs\yii\framework\web\actions\CInlineAction.php(49): SiteController->actionWeather()
#7 E:\xampp\htdocs\yii\framework\web\CController.php(308): CInlineAction->runWithParams(Array)
#8 E:\xampp\htdocs\yii\framework\web\CController.php(286): CController->runAction(Object(CInlineAction))
#9 E:\xampp\htdocs\yii\framework\web\CController.php(265): CController->runActionWithFilters(Object(CInlineAction), Array)
#10 E:\xampp\htdocs\yii\framework\web\CWebApplication.php(282): CController->run('weather')
#11 E:\xampp\htdocs\yii\framework\web\CWebApplication.php(141): CWebApplication->runController('site/weather')
#12 E:\xampp\htdocs\yii\framework\base\CApplication.php(185): CWebApplication->processRequest()
#13 E:\xampp\htdocs\weather\index.php(13): CApplication->run()
#14 {main}
REQUEST_URI=/index.php?r=site/weather
HTTP_REFERER=http://weather:8012/index.php?r=site/weather
---
2016/02/27 16:11:17 [error] [exception.CException] exception 'CException' with message 'Alias "ext.curl.Curl" is invalid. Make sure it points to an existing PHP file and the file is readable.' in E:\xampp\htdocs\yii\framework\YiiBase.php:323
Stack trace:
#0 E:\xampp\htdocs\yii\framework\YiiBase.php(196): YiiBase::import('ext.curl.Curl', true)
#1 E:\xampp\htdocs\yii\framework\base\CModule.php(393): YiiBase::createComponent(Array)
#2 E:\xampp\htdocs\yii\framework\base\CModule.php(103): CModule->getComponent('curl')
#3 E:\xampp\htdocs\weather\protected\controllers\SiteController.php(180): CModule->__get('curl')
#4 E:\xampp\htdocs\weather\protected\controllers\SiteController.php(155): SiteController->updateFromAPI(true)
#5 E:\xampp\htdocs\weather\protected\controllers\SiteController.php(127): SiteController->getDataFromDB()
#6 E:\xampp\htdocs\yii\framework\web\actions\CInlineAction.php(49): SiteController->actionWeather()
#7 E:\xampp\htdocs\yii\framework\web\CController.php(308): CInlineAction->runWithParams(Array)
#8 E:\xampp\htdocs\yii\framework\web\CController.php(286): CController->runAction(Object(CInlineAction))
#9 E:\xampp\htdocs\yii\framework\web\CController.php(265): CController->runActionWithFilters(Object(CInlineAction), Array)
#10 E:\xampp\htdocs\yii\framework\web\CWebApplication.php(282): CController->run('weather')
#11 E:\xampp\htdocs\yii\framework\web\CWebApplication.php(141): CWebApplication->runController('site/weather')
#12 E:\xampp\htdocs\yii\framework\base\CApplication.php(185): CWebApplication->processRequest()
#13 E:\xampp\htdocs\weather\index.php(13): CApplication->run()
#14 {main}
REQUEST_URI=/index.php?r=site/weather
HTTP_REFERER=http://weather:8012/index.php?r=site/weather
---
2016/02/27 16:26:29 [error] [exception.CException] exception 'CException' with message 'Curl and its behaviors do not have a method or closure named "post".' in E:\xampp\htdocs\yii\framework\base\CComponent.php:266
Stack trace:
#0 E:\xampp\htdocs\weather\protected\controllers\SiteController.php(186): CComponent->__call('post', Array)
#1 E:\xampp\htdocs\weather\protected\controllers\SiteController.php(186): Curl->post('http://api.open...', Array)
#2 E:\xampp\htdocs\weather\protected\controllers\SiteController.php(155): SiteController->updateFromAPI(true)
#3 E:\xampp\htdocs\weather\protected\controllers\SiteController.php(127): SiteController->getDataFromDB()
#4 E:\xampp\htdocs\yii\framework\web\actions\CInlineAction.php(49): SiteController->actionWeather()
#5 E:\xampp\htdocs\yii\framework\web\CController.php(308): CInlineAction->runWithParams(Array)
#6 E:\xampp\htdocs\yii\framework\web\CController.php(286): CController->runAction(Object(CInlineAction))
#7 E:\xampp\htdocs\yii\framework\web\CController.php(265): CController->runActionWithFilters(Object(CInlineAction), Array)
#8 E:\xampp\htdocs\yii\framework\web\CWebApplication.php(282): CController->run('weather')
#9 E:\xampp\htdocs\yii\framework\web\CWebApplication.php(141): CWebApplication->runController('site/weather')
#10 E:\xampp\htdocs\yii\framework\base\CApplication.php(185): CWebApplication->processRequest()
#11 E:\xampp\htdocs\weather\index.php(13): CApplication->run()
#12 {main}
REQUEST_URI=/index.php?r=site/weather
HTTP_REFERER=http://weather:8012/index.php?r=site/weather
---
2016/02/27 16:26:55 [error] [exception.CException] exception 'CException' with message 'CWebApplication and its behaviors do not have a method or closure named "curl".' in E:\xampp\htdocs\yii\framework\base\CComponent.php:266
Stack trace:
#0 E:\xampp\htdocs\weather\protected\controllers\SiteController.php(186): CComponent->__call('curl', Array)
#1 E:\xampp\htdocs\weather\protected\controllers\SiteController.php(186): CWebApplication->curl()
#2 E:\xampp\htdocs\weather\protected\controllers\SiteController.php(155): SiteController->updateFromAPI(true)
#3 E:\xampp\htdocs\weather\protected\controllers\SiteController.php(127): SiteController->getDataFromDB()
#4 E:\xampp\htdocs\yii\framework\web\actions\CInlineAction.php(49): SiteController->actionWeather()
#5 E:\xampp\htdocs\yii\framework\web\CController.php(308): CInlineAction->runWithParams(Array)
#6 E:\xampp\htdocs\yii\framework\web\CController.php(286): CController->runAction(Object(CInlineAction))
#7 E:\xampp\htdocs\yii\framework\web\CController.php(265): CController->runActionWithFilters(Object(CInlineAction), Array)
#8 E:\xampp\htdocs\yii\framework\web\CWebApplication.php(282): CController->run('weather')
#9 E:\xampp\htdocs\yii\framework\web\CWebApplication.php(141): CWebApplication->runController('site/weather')
#10 E:\xampp\htdocs\yii\framework\base\CApplication.php(185): CWebApplication->processRequest()
#11 E:\xampp\htdocs\weather\index.php(13): CApplication->run()
#12 {main}
REQUEST_URI=/index.php?r=site/weather
HTTP_REFERER=http://weather:8012/index.php?r=site/weather
---
2016/02/27 16:27:45 [error] [exception.CException] exception 'CException' with message 'Property "CWebApplication.curl" is not defined.' in E:\xampp\htdocs\yii\framework\base\CComponent.php:130
Stack trace:
#0 E:\xampp\htdocs\yii\framework\base\CModule.php(105): CComponent->__get('curl')
#1 E:\xampp\htdocs\weather\protected\controllers\SiteController.php(186): CModule->__get('curl')
#2 E:\xampp\htdocs\weather\protected\controllers\SiteController.php(155): SiteController->updateFromAPI(true)
#3 E:\xampp\htdocs\weather\protected\controllers\SiteController.php(127): SiteController->getDataFromDB()
#4 E:\xampp\htdocs\yii\framework\web\actions\CInlineAction.php(49): SiteController->actionWeather()
#5 E:\xampp\htdocs\yii\framework\web\CController.php(308): CInlineAction->runWithParams(Array)
#6 E:\xampp\htdocs\yii\framework\web\CController.php(286): CController->runAction(Object(CInlineAction))
#7 E:\xampp\htdocs\yii\framework\web\CController.php(265): CController->runActionWithFilters(Object(CInlineAction), Array)
#8 E:\xampp\htdocs\yii\framework\web\CWebApplication.php(282): CController->run('weather')
#9 E:\xampp\htdocs\yii\framework\web\CWebApplication.php(141): CWebApplication->runController('site/weather')
#10 E:\xampp\htdocs\yii\framework\base\CApplication.php(185): CWebApplication->processRequest()
#11 E:\xampp\htdocs\weather\index.php(13): CApplication->run()
#12 {main}
REQUEST_URI=/index.php?r=site/weather
HTTP_REFERER=http://weather:8012/index.php?r=site/weather
---
2016/02/27 16:42:14 [error] [exception.CException] exception 'CException' with message 'Curl and its behaviors do not have a method or closure named "setOption".' in E:\xampp\htdocs\yii\framework\base\CComponent.php:266
Stack trace:
#0 E:\xampp\htdocs\weather\protected\controllers\SiteController.php(186): CComponent->__call('setOption', Array)
#1 E:\xampp\htdocs\weather\protected\controllers\SiteController.php(186): Curl->setOption('CURLOPT_HEADER', false)
#2 E:\xampp\htdocs\weather\protected\controllers\SiteController.php(155): SiteController->updateFromAPI(true)
#3 E:\xampp\htdocs\weather\protected\controllers\SiteController.php(127): SiteController->getDataFromDB()
#4 E:\xampp\htdocs\yii\framework\web\actions\CInlineAction.php(49): SiteController->actionWeather()
#5 E:\xampp\htdocs\yii\framework\web\CController.php(308): CInlineAction->runWithParams(Array)
#6 E:\xampp\htdocs\yii\framework\web\CController.php(286): CController->runAction(Object(CInlineAction))
#7 E:\xampp\htdocs\yii\framework\web\CController.php(265): CController->runActionWithFilters(Object(CInlineAction), Array)
#8 E:\xampp\htdocs\yii\framework\web\CWebApplication.php(282): CController->run('weather')
#9 E:\xampp\htdocs\yii\framework\web\CWebApplication.php(141): CWebApplication->runController('site/weather')
#10 E:\xampp\htdocs\yii\framework\base\CApplication.php(185): CWebApplication->processRequest()
#11 E:\xampp\htdocs\weather\index.php(13): CApplication->run()
#12 {main}
REQUEST_URI=/index.php?r=site/weather
HTTP_REFERER=http://weather:8012/index.php?r=site/weather
---
2016/02/27 16:56:41 [error] [exception.CException] exception 'CException' with message 'CURLOPT_HEADER is not a valid option' in E:\xampp\htdocs\weather\protected\extensions\Curl.php:201
Stack trace:
#0 E:\xampp\htdocs\weather\protected\extensions\Curl.php(310): Curl::checkOptions(Array, Array)
#1 [internal function]: Curl->handleCurl('http://api.open...', Array)
#2 E:\xampp\htdocs\weather\protected\extensions\Curl.php(382): ReflectionMethod->invokeArgs(Object(Curl), Array)
#3 E:\xampp\htdocs\weather\protected\controllers\SiteController.php(189): Curl->run('http://api.open...')
#4 E:\xampp\htdocs\weather\protected\controllers\SiteController.php(155): SiteController->updateFromAPI(true)
#5 E:\xampp\htdocs\weather\protected\controllers\SiteController.php(127): SiteController->getDataFromDB()
#6 E:\xampp\htdocs\yii\framework\web\actions\CInlineAction.php(49): SiteController->actionWeather()
#7 E:\xampp\htdocs\yii\framework\web\CController.php(308): CInlineAction->runWithParams(Array)
#8 E:\xampp\htdocs\yii\framework\web\CController.php(286): CController->runAction(Object(CInlineAction))
#9 E:\xampp\htdocs\yii\framework\web\CController.php(265): CController->runActionWithFilters(Object(CInlineAction), Array)
#10 E:\xampp\htdocs\yii\framework\web\CWebApplication.php(282): CController->run('weather')
#11 E:\xampp\htdocs\yii\framework\web\CWebApplication.php(141): CWebApplication->runController('site/weather')
#12 E:\xampp\htdocs\yii\framework\base\CApplication.php(185): CWebApplication->processRequest()
#13 E:\xampp\htdocs\weather\index.php(13): CApplication->run()
#14 {main}
REQUEST_URI=/index.php?r=site/weather
HTTP_REFERER=http://weather:8012/index.php?r=site/weather
---
2016/02/27 16:57:15 [error] [exception.CException] exception 'CException' with message 'CURLOPT_HEADER is not a valid option' in E:\xampp\htdocs\weather\protected\extensions\Curl.php:201
Stack trace:
#0 E:\xampp\htdocs\weather\protected\extensions\Curl.php(310): Curl::checkOptions(Array, Array)
#1 [internal function]: Curl->handleCurl('http://api.open...', Array)
#2 E:\xampp\htdocs\weather\protected\extensions\Curl.php(382): ReflectionMethod->invokeArgs(Object(Curl), Array)
#3 E:\xampp\htdocs\weather\protected\controllers\SiteController.php(189): Curl->run('http://api.open...')
#4 E:\xampp\htdocs\weather\protected\controllers\SiteController.php(155): SiteController->updateFromAPI(true)
#5 E:\xampp\htdocs\weather\protected\controllers\SiteController.php(127): SiteController->getDataFromDB()
#6 E:\xampp\htdocs\yii\framework\web\actions\CInlineAction.php(49): SiteController->actionWeather()
#7 E:\xampp\htdocs\yii\framework\web\CController.php(308): CInlineAction->runWithParams(Array)
#8 E:\xampp\htdocs\yii\framework\web\CController.php(286): CController->runAction(Object(CInlineAction))
#9 E:\xampp\htdocs\yii\framework\web\CController.php(265): CController->runActionWithFilters(Object(CInlineAction), Array)
#10 E:\xampp\htdocs\yii\framework\web\CWebApplication.php(282): CController->run('weather')
#11 E:\xampp\htdocs\yii\framework\web\CWebApplication.php(141): CWebApplication->runController('site/weather')
#12 E:\xampp\htdocs\yii\framework\base\CApplication.php(185): CWebApplication->processRequest()
#13 E:\xampp\htdocs\weather\index.php(13): CApplication->run()
#14 {main}
REQUEST_URI=/index.php?r=site/weather
HTTP_REFERER=http://weather:8012/index.php?r=site/weather
---
2016/02/27 16:57:41 [error] [exception.CException] exception 'CException' with message '0 is not a valid option' in E:\xampp\htdocs\weather\protected\extensions\Curl.php:201
Stack trace:
#0 E:\xampp\htdocs\weather\protected\extensions\Curl.php(310): Curl::checkOptions(Array, Array)
#1 [internal function]: Curl->handleCurl('http://api.open...', Array)
#2 E:\xampp\htdocs\weather\protected\extensions\Curl.php(382): ReflectionMethod->invokeArgs(Object(Curl), Array)
#3 E:\xampp\htdocs\weather\protected\controllers\SiteController.php(189): Curl->run('http://api.open...')
#4 E:\xampp\htdocs\weather\protected\controllers\SiteController.php(155): SiteController->updateFromAPI(true)
#5 E:\xampp\htdocs\weather\protected\controllers\SiteController.php(127): SiteController->getDataFromDB()
#6 E:\xampp\htdocs\yii\framework\web\actions\CInlineAction.php(49): SiteController->actionWeather()
#7 E:\xampp\htdocs\yii\framework\web\CController.php(308): CInlineAction->runWithParams(Array)
#8 E:\xampp\htdocs\yii\framework\web\CController.php(286): CController->runAction(Object(CInlineAction))
#9 E:\xampp\htdocs\yii\framework\web\CController.php(265): CController->runActionWithFilters(Object(CInlineAction), Array)
#10 E:\xampp\htdocs\yii\framework\web\CWebApplication.php(282): CController->run('weather')
#11 E:\xampp\htdocs\yii\framework\web\CWebApplication.php(141): CWebApplication->runController('site/weather')
#12 E:\xampp\htdocs\yii\framework\base\CApplication.php(185): CWebApplication->processRequest()
#13 E:\xampp\htdocs\weather\index.php(13): CApplication->run()
#14 {main}
REQUEST_URI=/index.php?r=site/weather
HTTP_REFERER=http://weather:8012/index.php?r=site/weather
---
2016/02/27 16:59:33 [error] [exception.CException] exception 'CException' with message 'Property "SiteController.options" is not defined.' in E:\xampp\htdocs\yii\framework\base\CComponent.php:130
Stack trace:
#0 E:\xampp\htdocs\weather\protected\controllers\SiteController.php(188): CComponent->__get('options')
#1 E:\xampp\htdocs\weather\protected\controllers\SiteController.php(155): SiteController->updateFromAPI(true)
#2 E:\xampp\htdocs\weather\protected\controllers\SiteController.php(127): SiteController->getDataFromDB()
#3 E:\xampp\htdocs\yii\framework\web\actions\CInlineAction.php(49): SiteController->actionWeather()
#4 E:\xampp\htdocs\yii\framework\web\CController.php(308): CInlineAction->runWithParams(Array)
#5 E:\xampp\htdocs\yii\framework\web\CController.php(286): CController->runAction(Object(CInlineAction))
#6 E:\xampp\htdocs\yii\framework\web\CController.php(265): CController->runActionWithFilters(Object(CInlineAction), Array)
#7 E:\xampp\htdocs\yii\framework\web\CWebApplication.php(282): CController->run('weather')
#8 E:\xampp\htdocs\yii\framework\web\CWebApplication.php(141): CWebApplication->runController('site/weather')
#9 E:\xampp\htdocs\yii\framework\base\CApplication.php(185): CWebApplication->processRequest()
#10 E:\xampp\htdocs\weather\index.php(13): CApplication->run()
#11 {main}
REQUEST_URI=/index.php?r=site/weather
HTTP_REFERER=http://weather:8012/index.php?r=site/weather
---
2016/02/27 17:07:21 [error] [php] Undefined index: WeatherForm (E:\xampp\htdocs\weather\protected\controllers\SiteController.php:122)
Stack trace:
#0 E:\xampp\htdocs\yii\framework\web\CController.php(286): SiteController->runAction()
#1 E:\xampp\htdocs\yii\framework\web\CController.php(265): SiteController->runActionWithFilters()
#2 E:\xampp\htdocs\yii\framework\web\CWebApplication.php(282): SiteController->run()
#3 E:\xampp\htdocs\yii\framework\web\CWebApplication.php(141): CWebApplication->runController()
#4 E:\xampp\htdocs\yii\framework\base\CApplication.php(185): CWebApplication->processRequest()
#5 E:\xampp\htdocs\weather\index.php(13): CWebApplication->run()
REQUEST_URI=/index.php?r=site/weather
in E:\xampp\htdocs\weather\protected\controllers\SiteController.php (122)
in E:\xampp\htdocs\weather\index.php (13)
2016/02/27 17:07:44 [error] [exception.CHttpException.404] exception 'CHttpException' with message 'Unable to resolve the request "weather".' in E:\xampp\htdocs\yii\framework\web\CWebApplication.php:286
Stack trace:
#0 E:\xampp\htdocs\yii\framework\web\CWebApplication.php(141): CWebApplication->runController('weather')
#1 E:\xampp\htdocs\yii\framework\base\CApplication.php(185): CWebApplication->processRequest()
#2 E:\xampp\htdocs\weather\index.php(13): CApplication->run()
#3 {main}
REQUEST_URI=/index.php?r=weather
---
2016/02/27 17:07:51 [error] [php] Undefined index: WeatherForm (E:\xampp\htdocs\weather\protected\controllers\SiteController.php:122)
Stack trace:
#0 E:\xampp\htdocs\yii\framework\web\CController.php(286): SiteController->runAction()
#1 E:\xampp\htdocs\yii\framework\web\CController.php(265): SiteController->runActionWithFilters()
#2 E:\xampp\htdocs\yii\framework\web\CWebApplication.php(282): SiteController->run()
#3 E:\xampp\htdocs\yii\framework\web\CWebApplication.php(141): CWebApplication->runController()
#4 E:\xampp\htdocs\yii\framework\base\CApplication.php(185): CWebApplication->processRequest()
#5 E:\xampp\htdocs\weather\index.php(13): CWebApplication->run()
REQUEST_URI=/index.php?r=site/weather
in E:\xampp\htdocs\weather\protected\controllers\SiteController.php (122)
in E:\xampp\htdocs\weather\index.php (13)
